\BOOKMARK [1][-]{section.1}{\376\377\000C\000u\000l\000t\000u\000r\000a\000\040\000d\000e\000l\000l\000'\000a\000c\000q\000u\000a}{}% 1
\BOOKMARK [2][-]{subsection.1.1}{\376\377\000I\000\040\000Q\000u\000a\000t\000t\000r\000o\000\040\000S\000a\000p\000e\000r\000i\000\040\000d\000e\000l\000l\000'\000I\000s\000t\000r\000u\000t\000t\000o\000r\000e}{section.1}% 2
\BOOKMARK [2][-]{subsection.1.2}{\376\377\000R\000e\000g\000o\000l\000e\000\040\000p\000e\000r\000\040\000l\000a\000\040\000c\000o\000m\000u\000n\000i\000c\000a\000z\000i\000o\000n\000e}{section.1}% 3
\BOOKMARK [2][-]{subsection.1.3}{\376\377\000I\000\040\000d\000u\000e\000\040\000c\000o\000n\000c\000e\000t\000t\000i\000\040\000c\000h\000i\000a\000v\000e}{section.1}% 4
\BOOKMARK [2][-]{subsection.1.4}{\376\377\000F\000a\000s\000e\000\040\000S\000e\000n\000s\000i\000b\000i\000l\000e}{section.1}% 5
\BOOKMARK [2][-]{subsection.1.5}{\376\377\000P\000r\000o\000p\000r\000i\000e\000t\000\340\000\040\000d\000e\000l\000l\000'\000a\000c\000q\000u\000a}{section.1}% 6
\BOOKMARK [3][-]{subsubsection.1.5.1}{\376\377\000R\000e\000s\000i\000s\000t\000e\000n\000z\000a\000\040\000d\000e\000l\000l\000'\000a\000c\000q\000u\000a}{subsection.1.5}% 7
\BOOKMARK [3][-]{subsubsection.1.5.2}{\376\377\000S\000p\000i\000n\000t\000a\000\040\000i\000d\000r\000o\000s\000t\000a\000t\000i\000c\000a}{subsection.1.5}% 8
\BOOKMARK [1][-]{section.2}{\376\377\000T\000e\000o\000r\000i\000a\000\040\000d\000e\000l\000\040\000m\000o\000v\000i\000m\000e\000n\000t\000o}{}% 9
\BOOKMARK [2][-]{subsection.2.1}{\376\377\000C\000a\000p\000a\000c\000i\000t\000\340\000\040\000c\000o\000o\000r\000d\000i\000n\000a\000t\000i\000v\000e}{section.2}% 10
\BOOKMARK [3][-]{subsubsection.2.1.1}{\376\377\000C\000a\000p\000a\000c\000i\000t\000\340\000\040\000c\000o\000o\000r\000d\000i\000n\000a\000t\000i\000v\000e\000\040\000g\000e\000n\000e\000r\000a\000l\000i}{subsection.2.1}% 11
\BOOKMARK [3][-]{subsubsection.2.1.2}{\376\377\000C\000a\000p\000a\000c\000i\000t\000\340\000\040\000c\000o\000o\000r\000d\000i\000n\000a\000t\000i\000v\000e\000\040\000s\000p\000e\000c\000i\000a\000l\000i}{subsection.2.1}% 12
\BOOKMARK [2][-]{subsection.2.2}{\376\377\000C\000a\000p\000a\000c\000i\000t\000\340\000\040\000c\000o\000n\000d\000i\000z\000i\000o\000n\000a\000l\000i}{section.2}% 13
\BOOKMARK [2][-]{subsection.2.3}{\376\377\000M\000o\000b\000i\000l\000i\000t\000\340\000\040\000a\000r\000t\000i\000c\000o\000l\000a\000r\000e}{section.2}% 14
\BOOKMARK [2][-]{subsection.2.4}{\376\377\000F\000a\000t\000t\000o\000r\000i\000\040\000d\000e\000l\000l\000a\000\040\000p\000r\000e\000s\000t\000a\000z\000i\000o\000n\000e}{section.2}% 15
\BOOKMARK [2][-]{subsection.2.5}{\376\377\000A\000n\000a\000l\000i\000z\000z\000a\000t\000o\000r\000i}{section.2}% 16
\BOOKMARK [2][-]{subsection.2.6}{\376\377\000S\000v\000i\000l\000u\000p\000p\000o\000\040\000d\000e\000l\000\040\000b\000a\000m\000b\000i\000n\000o\000\040\000e\000\040\000s\000c\000h\000e\000m\000a\000\040\000c\000o\000r\000p\000o\000r\000e\000o}{section.2}% 17
\BOOKMARK [3][-]{subsubsection.2.6.1}{\376\377\000T\000u\000r\000g\000o\000r\000\040\000e\000\040\000P\000r\000o\000c\000e\000r\000i\000t\000a\000s}{subsection.2.6}% 18
\BOOKMARK [2][-]{subsection.2.7}{\376\377\000D\000i\000s\000a\000b\000i\000l\000i\000t\000\340}{section.2}% 19
\BOOKMARK [1][-]{section.3}{\376\377\000E\000l\000e\000m\000e\000n\000t\000i\000\040\000d\000i\000\040\000P\000r\000i\000m\000o\000\040\000S\000o\000c\000c\000o\000r\000s\000o}{}% 20
\BOOKMARK [2][-]{subsection.3.1}{\376\377\000R\000e\000g\000o\000l\000e\000\040\000g\000e\000n\000e\000r\000a\000l\000i}{section.3}% 21
\BOOKMARK [2][-]{subsection.3.2}{\376\377\000D\000i\000s\000t\000u\000r\000b\000i\000\040\000d\000e\000l\000l\000a\000\040\000c\000o\000s\000c\000i\000e\000n\000z\000a}{section.3}% 22
\BOOKMARK [2][-]{subsection.3.3}{\376\377\000E\000p\000i\000l\000e\000s\000s\000i\000a}{section.3}% 23
\BOOKMARK [2][-]{subsection.3.4}{\376\377\000E\000m\000o\000r\000r\000a\000g\000i\000e}{section.3}% 24
\BOOKMARK [2][-]{subsection.3.5}{\376\377\000L\000e\000s\000i\000o\000n\000i\000\040\000m\000u\000s\000c\000o\000l\000a\000r\000i\000\040\040\024\000\040\000R\000I\000C\000E\000\040\000\050\000p\000r\000i\000m\000e\000\040\0004\0008\000h\000\051}{section.3}% 25
\BOOKMARK [2][-]{subsection.3.6}{\376\377\000L\000u\000s\000s\000a\000z\000i\000o\000n\000e}{section.3}% 26
\BOOKMARK [2][-]{subsection.3.7}{\376\377\000F\000r\000a\000t\000t\000u\000r\000e}{section.3}% 27
\BOOKMARK [2][-]{subsection.3.8}{\376\377\000B\000L\000S\000\040\040\024\000\040\000B\000a\000s\000i\000c\000\040\000L\000i\000f\000e\000\040\000S\000u\000p\000p\000o\000r\000t}{section.3}% 28
\BOOKMARK [2][-]{subsection.3.9}{\376\377\000O\000s\000t\000r\000u\000z\000i\000o\000n\000e\000\040\000v\000i\000e\000\040\000a\000e\000r\000e\000e\000\040\040\024\000\040\000M\000a\000n\000o\000v\000r\000a\000\040\000d\000i\000\040\000H\000e\000i\000m\000l\000i\000c\000h}{section.3}% 29
\BOOKMARK [1][-]{section.4}{\376\377\000I\000l\000\040\000C\000o\000r\000p\000o\000\040\000U\000m\000a\000n\000o}{}% 30
\BOOKMARK [2][-]{subsection.4.1}{\376\377\000C\000e\000l\000l\000u\000l\000a\000:\000\040\000s\000t\000r\000u\000t\000t\000u\000r\000e\000\040\000c\000h\000i\000a\000v\000e}{section.4}% 31
\BOOKMARK [2][-]{subsection.4.2}{\376\377\000Q\000u\000a\000t\000t\000r\000o\000\040\000s\000i\000s\000t\000e\000m\000i\000\040\000c\000o\000n\000n\000e\000s\000s\000i\000\040\000c\000o\000n\000\040\000i\000l\000\040\000m\000o\000v\000i\000m\000e\000n\000t\000o}{section.4}% 32
\BOOKMARK [2][-]{subsection.4.3}{\376\377\000R\000i\000s\000e\000r\000v\000e\000\040\000e\000n\000e\000r\000g\000e\000t\000i\000c\000h\000e}{section.4}% 33
\BOOKMARK [2][-]{subsection.4.4}{\376\377\000T\000r\000e\000\040\000m\000e\000c\000c\000a\000n\000i\000s\000m\000i\000\040\000e\000n\000e\000r\000g\000e\000t\000i\000c\000i}{section.4}% 34
\BOOKMARK [2][-]{subsection.4.5}{\376\377\000S\000i\000s\000t\000e\000m\000a\000\040\000n\000e\000r\000v\000o\000s\000o}{section.4}% 35
\BOOKMARK [2][-]{subsection.4.6}{\376\377\000A\000p\000p\000a\000r\000a\000t\000o\000\040\000r\000e\000s\000p\000i\000r\000a\000t\000o\000r\000i\000o}{section.4}% 36
\BOOKMARK [2][-]{subsection.4.7}{\376\377\000A\000p\000p\000a\000r\000a\000t\000o\000\040\000c\000a\000r\000d\000i\000o\000c\000i\000r\000c\000o\000l\000a\000t\000o\000r\000i\000o}{section.4}% 37
\BOOKMARK [3][-]{subsubsection.4.7.1}{\376\377\000Q\000u\000a\000t\000t\000r\000o\000\040\000v\000a\000l\000v\000o\000l\000e\000\040\000c\000a\000r\000d\000i\000a\000c\000h\000e}{subsection.4.7}% 38
\BOOKMARK [3][-]{subsubsection.4.7.2}{\376\377\000P\000a\000r\000a\000m\000e\000t\000r\000i\000\040\000c\000a\000r\000d\000i\000a\000c\000i}{subsection.4.7}% 39
\BOOKMARK [2][-]{subsection.4.8}{\376\377\000A\000p\000p\000a\000r\000a\000t\000o\000\040\000l\000o\000c\000o\000m\000o\000t\000o\000r\000e}{section.4}% 40
\BOOKMARK [2][-]{subsection.4.9}{\376\377\000S\000t\000r\000u\000t\000t\000u\000r\000a\000\040\000e\000\040\000c\000o\000n\000t\000r\000a\000z\000i\000o\000n\000e\000\040\000m\000u\000s\000c\000o\000l\000a\000r\000e}{section.4}% 41
\BOOKMARK [2][-]{subsection.4.10}{\376\377\000L\000e\000v\000e\000\040\000n\000e\000l\000\040\000c\000o\000r\000p\000o\000\040\000u\000m\000a\000n\000o}{section.4}% 42
\BOOKMARK [2][-]{subsection.4.11}{\376\377\000T\000i\000p\000i\000\040\000d\000i\000\040\000c\000o\000n\000t\000r\000a\000z\000i\000o\000n\000e}{section.4}% 43
\BOOKMARK [1][-]{section.5}{\376\377\000P\000s\000i\000c\000o\000p\000e\000d\000a\000g\000o\000g\000i\000a}{}% 44
\BOOKMARK [2][-]{subsection.5.1}{\376\377\000C\000o\000m\000u\000n\000i\000c\000a\000z\000i\000o\000n\000e}{section.5}% 45
\BOOKMARK [2][-]{subsection.5.2}{\376\377\000I\000n\000t\000e\000l\000l\000i\000g\000e\000n\000z\000a\000\040\000e\000m\000o\000t\000i\000v\000a}{section.5}% 46
\BOOKMARK [2][-]{subsection.5.3}{\376\377\000A\000p\000p\000r\000e\000n\000d\000i\000m\000e\000n\000t\000o}{section.5}% 47
\BOOKMARK [2][-]{subsection.5.4}{\376\377\000A\000u\000t\000o\000s\000t\000i\000m\000a}{section.5}% 48
\BOOKMARK [2][-]{subsection.5.5}{\376\377\000G\000e\000s\000t\000i\000o\000n\000e\000\040\000d\000e\000l\000\040\000g\000r\000u\000p\000p\000o}{section.5}% 49
\BOOKMARK [2][-]{subsection.5.6}{\376\377\000F\000a\000s\000c\000e\000\040\000d\000'\000e\000t\000\340}{section.5}% 50
\BOOKMARK [3][-]{subsubsection.5.6.1}{\376\377\000A\000d\000o\000l\000e\000s\000c\000e\000n\000t\000e}{subsection.5.6}% 51
\BOOKMARK [3][-]{subsubsection.5.6.2}{\376\377\000A\000d\000u\000l\000t\000o\000\040\000e\000\040\000a\000n\000z\000i\000a\000n\000o}{subsection.5.6}% 52
\BOOKMARK [1][-]{section.6}{\376\377\000L\000e\000\040\0004\000\040\000n\000u\000o\000t\000a\000t\000e\000\040\000f\000o\000n\000d\000a\000m\000e\000n\000t\000a\000l\000i}{}% 53
\BOOKMARK [2][-]{subsection.6.1}{\376\377\000S\000t\000i\000l\000e\000\040\000l\000i\000b\000e\000r\000o}{section.6}% 54
\BOOKMARK [2][-]{subsection.6.2}{\376\377\000D\000o\000r\000s\000o}{section.6}% 55
\BOOKMARK [2][-]{subsection.6.3}{\376\377\000L\000a\000\040\000d\000e\000l\000f\000i\000n\000i\000z\000z\000a\000z\000i\000o\000n\000e}{section.6}% 56
\BOOKMARK [2][-]{subsection.6.4}{\376\377\000R\000a\000n\000a}{section.6}% 57
\BOOKMARK [2][-]{subsection.6.5}{\376\377\000F\000a\000r\000f\000a\000l\000l\000a}{section.6}% 58
\BOOKMARK [2][-]{subsection.6.6}{\376\377\000R\000i\000e\000p\000i\000l\000o\000g\000o\000\040\000c\000o\000m\000p\000a\000r\000a\000t\000i\000v\000o}{section.6}% 59
\BOOKMARK [1][-]{section.7}{\376\377\000P\000a\000l\000l\000a\000n\000u\000o\000t\000o\000\040\000i\000n\000\040\000C\000o\000r\000s\000i\000a}{}% 60
\BOOKMARK [2][-]{subsection.7.1}{\376\377\000P\000e\000r\000c\000h\000\351\000\040\000l\000a\000\040\000p\000a\000l\000l\000a\000n\000u\000o\000t\000o\000\040\000i\000n\000\040\000c\000o\000r\000s\000i\000a}{section.7}% 61
\BOOKMARK [2][-]{subsection.7.2}{\376\377\000S\000c\000h\000e\000m\000a\000\040\000c\000o\000r\000p\000o\000r\000e\000o\000\040\000e\000\040\000s\000c\000h\000e\000m\000a\000\040\000m\000o\000t\000o\000r\000i\000o}{section.7}% 62
\BOOKMARK [2][-]{subsection.7.3}{\376\377\000F\000o\000n\000d\000a\000m\000e\000n\000t\000a\000l\000i\000\040\000s\000e\000n\000z\000a\000\040\000p\000a\000l\000l\000a}{section.7}% 63
\BOOKMARK [3][-]{subsubsection.7.3.1}{\376\377\000A\000p\000p\000r\000e\000n\000d\000i\000m\000e\000n\000t\000o\000\040\000d\000e\000l\000l\000a\000\040\000b\000i\000c\000i\000c\000l\000e\000t\000t\000a}{subsection.7.3}% 64
\BOOKMARK [2][-]{subsection.7.4}{\376\377\000F\000o\000n\000d\000a\000m\000e\000n\000t\000a\000l\000i\000\040\000c\000o\000n\000\040\000p\000a\000l\000l\000a}{section.7}% 65
\BOOKMARK [2][-]{subsection.7.5}{\376\377\000D\000a\000l\000l\000a\000\040\000t\000e\000c\000n\000i\000c\000a\000\040\000a\000l\000\040\000c\000o\000m\000p\000o\000r\000t\000a\000m\000e\000n\000t\000o\000\040\000t\000a\000t\000t\000i\000c\000o}{section.7}% 66
\BOOKMARK [1][-]{section.8}{\376\377\000N\000u\000o\000t\000o\000\040\000A\000r\000t\000i\000s\000t\000i\000c\000o\000\040\000i\000n\000\040\000C\000o\000r\000s\000i\000a}{}% 67
\BOOKMARK [2][-]{subsection.8.1}{\376\377\000E\000l\000e\000m\000e\000n\000t\000i\000\040\000c\000o\000s\000t\000i\000t\000u\000t\000i\000v\000i}{section.8}% 68
\BOOKMARK [2][-]{subsection.8.2}{\376\377\000L\000a\000\040\000b\000i\000c\000i\000c\000l\000e\000t\000t\000a\000\040\000n\000e\000l\000\040\000n\000u\000o\000t\000o\000\040\000a\000r\000t\000i\000s\000t\000i\000c\000o}{section.8}% 69
\BOOKMARK [2][-]{subsection.8.3}{\376\377\000L\000e\000\040\000r\000e\000m\000a\000t\000e\000\040\000\050\000s\000c\000u\000l\000l\000i\000n\000g\000\051}{section.8}% 70
\BOOKMARK [2][-]{subsection.8.4}{\376\377\000P\000o\000s\000i\000z\000i\000o\000n\000i\000\040\000f\000o\000n\000d\000a\000m\000e\000n\000t\000a\000l\000i}{section.8}% 71
\BOOKMARK [1][-]{section.9}{\376\377\000N\000u\000o\000t\000o\000\040\000p\000e\000r\000\040\000S\000a\000l\000v\000a\000m\000e\000n\000t\000o\000\040\000i\000n\000\040\000C\000o\000r\000s\000i\000a}{}% 72
\BOOKMARK [2][-]{subsection.9.1}{\376\377\000T\000e\000c\000n\000i\000c\000h\000e\000\040\000s\000p\000e\000c\000i\000f\000i\000c\000h\000e}{section.9}% 73
\BOOKMARK [2][-]{subsection.9.2}{\376\377\000A\000p\000p\000a\000r\000e\000c\000c\000h\000i\000a\000t\000u\000r\000e}{section.9}% 74
\BOOKMARK [2][-]{subsection.9.3}{\376\377\000P\000e\000r\000c\000o\000r\000s\000o\000\040\000f\000o\000r\000m\000a\000t\000i\000v\000o}{section.9}% 75
\BOOKMARK [2][-]{subsection.9.4}{\376\377\000F\000o\000n\000d\000a\000m\000e\000n\000t\000a\000l\000i\000\040\000d\000i\000\040\000t\000r\000a\000s\000p\000o\000r\000t\000o}{section.9}% 76
\BOOKMARK [1][-]{section.10}{\376\377\000A\000t\000t\000i\000v\000i\000t\000\340\000\040\000p\000e\000r\000\040\000G\000e\000s\000t\000a\000n\000t\000i}{}% 77
\BOOKMARK [1][-]{section.11}{\376\377\000A\000t\000t\000i\000v\000i\000t\000\340\000\040\000N\000e\000o\000n\000a\000t\000a\000l\000e}{}% 78
\BOOKMARK [1][-]{section.12}{\376\377\000A\000t\000t\000i\000v\000i\000t\000\340\000\040\000P\000r\000e\000s\000c\000o\000l\000a\000r\000e}{}% 79
\BOOKMARK [1][-]{section.13}{\376\377\000A\000t\000t\000i\000v\000i\000t\000\340\000\040\000p\000e\000r\000\040\000P\000e\000r\000s\000o\000n\000e\000\040\000c\000o\000n\000\040\000D\000i\000s\000a\000b\000i\000l\000i\000t\000\340}{}% 80
\BOOKMARK [1][-]{section.14}{\376\377\000A\000t\000t\000i\000v\000i\000t\000\340\000\040\000p\000e\000r\000\040\000A\000d\000u\000l\000t\000i\000\040\000e\000\040\000T\000e\000r\000z\000a\000/\000Q\000u\000a\000r\000t\000a\000\040\000E\000t\000\340}{}% 81
\BOOKMARK [1][-]{section.15}{\376\377\000F\000i\000t\000n\000e\000s\000s\000\040\000i\000n\000\040\000A\000c\000q\000u\000a}{}% 82
